[0.363s] Invoking command in '/home/rafael/Documents/GitHub/Ponderadas-M8/P3/meu_workspace/src/my_package': PYTHONPATH=/home/rafael/Documents/GitHub/Ponderadas-M8/P3/meu_workspace/build/my_package/prefix_override:/home/rafael/Documents/GitHub/Ponderadas-M8/P3/meu_workspace/install/my_package/lib/python3.10/site-packages:${PYTHONPATH} /usr/bin/python3 setup.py egg_info --egg-base ../../build/my_package build --build-base /home/rafael/Documents/GitHub/Ponderadas-M8/P3/meu_workspace/build/my_package/build install --record /home/rafael/Documents/GitHub/Ponderadas-M8/P3/meu_workspace/build/my_package/install.log --single-version-externally-managed
[0.485s] running egg_info
[0.485s] writing ../../build/my_package/my_package.egg-info/PKG-INFO
[0.485s] writing dependency_links to ../../build/my_package/my_package.egg-info/dependency_links.txt
[0.485s] writing entry points to ../../build/my_package/my_package.egg-info/entry_points.txt
[0.485s] writing requirements to ../../build/my_package/my_package.egg-info/requires.txt
[0.485s] writing top-level names to ../../build/my_package/my_package.egg-info/top_level.txt
[0.486s] reading manifest file '../../build/my_package/my_package.egg-info/SOURCES.txt'
[0.487s] writing manifest file '../../build/my_package/my_package.egg-info/SOURCES.txt'
[0.487s] running build
[0.487s] running build_py
[0.487s] running install
[0.487s] /usr/lib/python3/dist-packages/setuptools/command/install.py:34: SetuptoolsDeprecationWarning: setup.py install is deprecated. Use build and pip and other standards-based tools.
[0.487s]   warnings.warn(
[0.487s] running install_lib
[0.488s] running install_data
[0.488s] running install_egg_info
[0.489s] removing '/home/rafael/Documents/GitHub/Ponderadas-M8/P3/meu_workspace/install/my_package/lib/python3.10/site-packages/my_package-0.0.0-py3.10.egg-info' (and everything under it)
[0.489s] Copying ../../build/my_package/my_package.egg-info to /home/rafael/Documents/GitHub/Ponderadas-M8/P3/meu_workspace/install/my_package/lib/python3.10/site-packages/my_package-0.0.0-py3.10.egg-info
[0.490s] running install_scripts
[0.503s] Installing my_node script to /home/rafael/Documents/GitHub/Ponderadas-M8/P3/meu_workspace/install/my_package/lib/my_package
[0.503s] writing list of installed files to '/home/rafael/Documents/GitHub/Ponderadas-M8/P3/meu_workspace/build/my_package/install.log'
[0.520s] Invoked command in '/home/rafael/Documents/GitHub/Ponderadas-M8/P3/meu_workspace/src/my_package' returned '0': PYTHONPATH=/home/rafael/Documents/GitHub/Ponderadas-M8/P3/meu_workspace/build/my_package/prefix_override:/home/rafael/Documents/GitHub/Ponderadas-M8/P3/meu_workspace/install/my_package/lib/python3.10/site-packages:${PYTHONPATH} /usr/bin/python3 setup.py egg_info --egg-base ../../build/my_package build --build-base /home/rafael/Documents/GitHub/Ponderadas-M8/P3/meu_workspace/build/my_package/build install --record /home/rafael/Documents/GitHub/Ponderadas-M8/P3/meu_workspace/build/my_package/install.log --single-version-externally-managed
