[0.386s] Invoking command in '/home/rafael/Documents/meu_workspace/src/my_package': PYTHONPATH=/home/rafael/Documents/meu_workspace/src/build/my_package/prefix_override:/home/rafael/Documents/meu_workspace/src/install/my_package/lib/python3.10/site-packages:${PYTHONPATH} /usr/bin/python3 setup.py egg_info --egg-base ../build/my_package build --build-base /home/rafael/Documents/meu_workspace/src/build/my_package/build install --record /home/rafael/Documents/meu_workspace/src/build/my_package/install.log --single-version-externally-managed
[0.508s] running egg_info
[0.508s] creating ../build/my_package/my_package.egg-info
[0.508s] writing ../build/my_package/my_package.egg-info/PKG-INFO
[0.508s] writing dependency_links to ../build/my_package/my_package.egg-info/dependency_links.txt
[0.508s] writing entry points to ../build/my_package/my_package.egg-info/entry_points.txt
[0.508s] writing requirements to ../build/my_package/my_package.egg-info/requires.txt
[0.508s] writing top-level names to ../build/my_package/my_package.egg-info/top_level.txt
[0.508s] writing manifest file '../build/my_package/my_package.egg-info/SOURCES.txt'
[0.509s] reading manifest file '../build/my_package/my_package.egg-info/SOURCES.txt'
[0.509s] writing manifest file '../build/my_package/my_package.egg-info/SOURCES.txt'
[0.509s] running build
[0.509s] running build_py
[0.509s] creating /home/rafael/Documents/meu_workspace/src/build/my_package/build
[0.510s] creating /home/rafael/Documents/meu_workspace/src/build/my_package/build/lib
[0.510s] creating /home/rafael/Documents/meu_workspace/src/build/my_package/build/lib/my_package
[0.510s] copying my_package/my_node.py -> /home/rafael/Documents/meu_workspace/src/build/my_package/build/lib/my_package
[0.510s] copying my_package/__init__.py -> /home/rafael/Documents/meu_workspace/src/build/my_package/build/lib/my_package
[0.510s] running install
[0.510s] /usr/lib/python3/dist-packages/setuptools/command/install.py:34: SetuptoolsDeprecationWarning: setup.py install is deprecated. Use build and pip and other standards-based tools.
[0.511s]   warnings.warn(
[0.511s] running install_lib
[0.511s] creating /home/rafael/Documents/meu_workspace/src/install/my_package/lib/python3.10/site-packages/my_package
[0.511s] copying /home/rafael/Documents/meu_workspace/src/build/my_package/build/lib/my_package/my_node.py -> /home/rafael/Documents/meu_workspace/src/install/my_package/lib/python3.10/site-packages/my_package
[0.511s] copying /home/rafael/Documents/meu_workspace/src/build/my_package/build/lib/my_package/__init__.py -> /home/rafael/Documents/meu_workspace/src/install/my_package/lib/python3.10/site-packages/my_package
[0.511s] byte-compiling /home/rafael/Documents/meu_workspace/src/install/my_package/lib/python3.10/site-packages/my_package/my_node.py to my_node.cpython-310.pyc
[0.511s] byte-compiling /home/rafael/Documents/meu_workspace/src/install/my_package/lib/python3.10/site-packages/my_package/__init__.py to __init__.cpython-310.pyc
[0.511s] running install_data
[0.512s] creating /home/rafael/Documents/meu_workspace/src/install/my_package/share/ament_index
[0.512s] creating /home/rafael/Documents/meu_workspace/src/install/my_package/share/ament_index/resource_index
[0.512s] creating /home/rafael/Documents/meu_workspace/src/install/my_package/share/ament_index/resource_index/packages
[0.512s] copying resource/my_package -> /home/rafael/Documents/meu_workspace/src/install/my_package/share/ament_index/resource_index/packages
[0.512s] copying package.xml -> /home/rafael/Documents/meu_workspace/src/install/my_package/share/my_package
[0.512s] running install_egg_info
[0.513s] Copying ../build/my_package/my_package.egg-info to /home/rafael/Documents/meu_workspace/src/install/my_package/lib/python3.10/site-packages/my_package-0.0.0-py3.10.egg-info
[0.513s] running install_scripts
[0.524s] Installing my_node script to /home/rafael/Documents/meu_workspace/src/install/my_package/lib/my_package
[0.525s] writing list of installed files to '/home/rafael/Documents/meu_workspace/src/build/my_package/install.log'
[0.539s] Invoked command in '/home/rafael/Documents/meu_workspace/src/my_package' returned '0': PYTHONPATH=/home/rafael/Documents/meu_workspace/src/build/my_package/prefix_override:/home/rafael/Documents/meu_workspace/src/install/my_package/lib/python3.10/site-packages:${PYTHONPATH} /usr/bin/python3 setup.py egg_info --egg-base ../build/my_package build --build-base /home/rafael/Documents/meu_workspace/src/build/my_package/build install --record /home/rafael/Documents/meu_workspace/src/build/my_package/install.log --single-version-externally-managed
