[0.371s] Invoking command in '/home/rafael/Documents/meu_workspace/src/my_package': PYTHONPATH=/home/rafael/Documents/meu_workspace/build/my_package/prefix_override:/home/rafael/Documents/meu_workspace/install/my_package/lib/python3.10/site-packages:${PYTHONPATH} /usr/bin/python3 setup.py egg_info --egg-base ../../build/my_package build --build-base /home/rafael/Documents/meu_workspace/build/my_package/build install --record /home/rafael/Documents/meu_workspace/build/my_package/install.log --single-version-externally-managed
[0.490s] running egg_info
[0.491s] writing ../../build/my_package/my_package.egg-info/PKG-INFO
[0.491s] writing dependency_links to ../../build/my_package/my_package.egg-info/dependency_links.txt
[0.491s] writing entry points to ../../build/my_package/my_package.egg-info/entry_points.txt
[0.491s] writing requirements to ../../build/my_package/my_package.egg-info/requires.txt
[0.491s] writing top-level names to ../../build/my_package/my_package.egg-info/top_level.txt
[0.492s] reading manifest file '../../build/my_package/my_package.egg-info/SOURCES.txt'
[0.492s] writing manifest file '../../build/my_package/my_package.egg-info/SOURCES.txt'
[0.492s] running build
[0.492s] running build_py
[0.493s] copying my_package/my_node.py -> /home/rafael/Documents/meu_workspace/build/my_package/build/lib/my_package
[0.493s] running install
[0.493s] /usr/lib/python3/dist-packages/setuptools/command/install.py:34: SetuptoolsDeprecationWarning: setup.py install is deprecated. Use build and pip and other standards-based tools.
[0.493s]   warnings.warn(
[0.493s] running install_lib
[0.493s] copying /home/rafael/Documents/meu_workspace/build/my_package/build/lib/my_package/my_node.py -> /home/rafael/Documents/meu_workspace/install/my_package/lib/python3.10/site-packages/my_package
[0.494s] byte-compiling /home/rafael/Documents/meu_workspace/install/my_package/lib/python3.10/site-packages/my_package/my_node.py to my_node.cpython-310.pyc
[0.494s] running install_data
[0.494s] running install_egg_info
[0.495s] removing '/home/rafael/Documents/meu_workspace/install/my_package/lib/python3.10/site-packages/my_package-0.0.0-py3.10.egg-info' (and everything under it)
[0.495s] Copying ../../build/my_package/my_package.egg-info to /home/rafael/Documents/meu_workspace/install/my_package/lib/python3.10/site-packages/my_package-0.0.0-py3.10.egg-info
[0.496s] running install_scripts
[0.511s] Installing my_node script to /home/rafael/Documents/meu_workspace/install/my_package/lib/my_package
[0.511s] writing list of installed files to '/home/rafael/Documents/meu_workspace/build/my_package/install.log'
[0.527s] Invoked command in '/home/rafael/Documents/meu_workspace/src/my_package' returned '0': PYTHONPATH=/home/rafael/Documents/meu_workspace/build/my_package/prefix_override:/home/rafael/Documents/meu_workspace/install/my_package/lib/python3.10/site-packages:${PYTHONPATH} /usr/bin/python3 setup.py egg_info --egg-base ../../build/my_package build --build-base /home/rafael/Documents/meu_workspace/build/my_package/build install --record /home/rafael/Documents/meu_workspace/build/my_package/install.log --single-version-externally-managed
